<?xml version="1.0" encoding="UTF-8"?>
<testsuite name="ru.stqa.pft.sandbox.PrimeTests" tests="3" skipped="0" failures="0" errors="0" timestamp="2017-12-01T08:59:59" hostname="DESKTOP-O2K9941" time="8.02">
  <properties/>
  <testcase name="testNotPrime" classname="ru.stqa.pft.sandbox.PrimeTests" time="0.0"/>
  <testcase name="testPrime" classname="ru.stqa.pft.sandbox.PrimeTests" time="8.018"/>
  <testcase name="testPrimeFast" classname="ru.stqa.pft.sandbox.PrimeTests" time="0.001"/>
  <system-out><![CDATA[]]></system-out>
  <system-err><![CDATA[]]></system-err>
</testsuite>
