<?xml version="1.0" encoding="UTF-8"?>
<testsuite name="ru.stqa.pft.addressbook.tests.AddressModificationTests" tests="1" skipped="0" failures="0" errors="0" timestamp="2017-11-05T19:42:57" hostname="DESKTOP-O2K9941" time="2.176">
  <properties/>
  <testcase name="testAddressModification" classname="ru.stqa.pft.addressbook.tests.AddressModificationTests" time="2.176"/>
  <system-out><![CDATA[]]></system-out>
  <system-err><![CDATA[]]></system-err>
</testsuite>
